<?xml version="1.0" encoding="UTF-8"?>
<testng-results ignored="0" total="2" passed="2" failed="0" skipped="0">
  <reporter-output>
  </reporter-output>
  <suite started-at="2026-02-06T20:53:29 IST" name="Surefire suite" finished-at="2026-02-06T20:53:56 IST" duration-ms="26606">
    <groups>
    </groups>
    <test started-at="2026-02-06T20:53:29 IST" name="Surefire test" finished-at="2026-02-06T20:53:56 IST" duration-ms="26606">
      <class name="tests.LoginTest">
        <test-method is-config="true" signature="setup()[pri:0, instance:tests.LoginTest@548a102f]" started-at="2026-02-06T20:53:49 IST" name="setup" finished-at="2026-02-06T20:53:54 IST" duration-ms="4702" status="PASS">
          <reporter-output>
          </reporter-output>
        </test-method> <!-- setup -->
        <test-method signature="validLogin()[pri:0, instance:tests.LoginTest@548a102f]" started-at="2026-02-06T20:53:54 IST" name="validLogin" finished-at="2026-02-06T20:53:55 IST" duration-ms="845" status="PASS">
          <reporter-output>
          </reporter-output>
        </test-method> <!-- validLogin -->
        <test-method is-config="true" signature="tearDown()[pri:0, instance:tests.LoginTest@548a102f]" started-at="2026-02-06T20:53:55 IST" name="tearDown" finished-at="2026-02-06T20:53:56 IST" duration-ms="1351" status="PASS">
          <reporter-output>
          </reporter-output>
        </test-method> <!-- tearDown -->
      </class> <!-- tests.LoginTest -->
      <class name="tests.AssessmentTest">
        <test-method is-config="true" signature="setup()[pri:0, instance:tests.AssessmentTest@2aece37d]" started-at="2026-02-06T20:53:30 IST" name="setup" finished-at="2026-02-06T20:53:38 IST" duration-ms="8216" status="PASS">
          <reporter-output>
          </reporter-output>
        </test-method> <!-- setup -->
        <test-method signature="createAssessment()[pri:0, instance:tests.AssessmentTest@2aece37d]" started-at="2026-02-06T20:53:38 IST" name="createAssessment" finished-at="2026-02-06T20:53:47 IST" duration-ms="8783" status="PASS">
          <reporter-output>
          </reporter-output>
        </test-method> <!-- createAssessment -->
        <test-method is-config="true" signature="tearDown()[pri:0, instance:tests.AssessmentTest@2aece37d]" started-at="2026-02-06T20:53:48 IST" name="tearDown" finished-at="2026-02-06T20:53:49 IST" duration-ms="1275" status="PASS">
          <reporter-output>
          </reporter-output>
        </test-method> <!-- tearDown -->
      </class> <!-- tests.AssessmentTest -->
    </test> <!-- Surefire test -->
  </suite> <!-- Surefire suite -->
</testng-results>
